<?xml version="1.0" encoding="UTF-8"?>
<coverage generated="1779805660281" clover="3.2.0">
  <project timestamp="1779805660281" name="All files">
    <metrics statements="4" coveredstatements="4" conditionals="7" coveredconditionals="7" methods="3" coveredmethods="3" elements="14" coveredelements="14" complexity="0" loc="4" ncloc="4" packages="2" files="5" classes="5"/>
    <package name="assets">
      <metrics statements="0" coveredstatements="0" conditionals="0" coveredconditionals="0" methods="0" coveredmethods="0"/>
      <file name="arrow-closed.png" path="/Users/florenceescanye/Documents/Kasa/frontend/src/assets/arrow-closed.png">
        <metrics statements="0" coveredstatements="0" conditionals="0" coveredconditionals="0" methods="0" coveredmethods="0"/>
      </file>
    </package>
    <package name="components">
      <metrics statements="4" coveredstatements="4" conditionals="7" coveredconditionals="7" methods="3" coveredmethods="3"/>
      <file name="Banner.jsx" path="/Users/florenceescanye/Documents/Kasa/frontend/src/components/Banner.jsx">
        <metrics statements="1" coveredstatements="1" conditionals="3" coveredconditionals="3" methods="1" coveredmethods="1"/>
        <line num="4" count="2" type="stmt"/>
      </file>
      <file name="Collapse.jsx" path="/Users/florenceescanye/Documents/Kasa/frontend/src/components/Collapse.jsx">
        <metrics statements="3" coveredstatements="3" conditionals="4" coveredconditionals="4" methods="2" coveredmethods="2"/>
        <line num="6" count="7" type="stmt"/>
        <line num="8" count="7" type="stmt"/>
        <line num="14" count="2" type="stmt"/>
      </file>
      <file name="banner.css" path="/Users/florenceescanye/Documents/Kasa/frontend/src/components/banner.css">
        <metrics statements="0" coveredstatements="0" conditionals="0" coveredconditionals="0" methods="0" coveredmethods="0"/>
      </file>
      <file name="collapse.css" path="/Users/florenceescanye/Documents/Kasa/frontend/src/components/collapse.css">
        <metrics statements="0" coveredstatements="0" conditionals="0" coveredconditionals="0" methods="0" coveredmethods="0"/>
      </file>
    </package>
  </project>
</coverage>
