{"/Users/florenceescanye/Documents/Kasa/frontend/src/assets/arrow-closed.png": {"path":"/Users/florenceescanye/Documents/Kasa/frontend/src/assets/arrow-closed.png","statementMap":{},"fnMap":{},"branchMap":{},"s":{},"f":{},"b":{},"meta":{"lastBranch":0,"lastFunction":0,"lastStatement":0,"seen":{}}}
,"/Users/florenceescanye/Documents/Kasa/frontend/src/components/Banner.jsx": {"path":"/Users/florenceescanye/Documents/Kasa/frontend/src/components/Banner.jsx","statementMap":{"0":{"start":{"line":4,"column":4},"end":{"line":12,"column":null}}},"fnMap":{"0":{"name":"Banner","decl":{"start":{"line":3,"column":16},"end":{"line":3,"column":23}},"loc":{"start":{"line":3,"column":55},"end":{"line":12,"column":null}},"line":3}},"branchMap":{"0":{"loc":{"start":{"line":3,"column":38},"end":{"line":3,"column":55}},"type":"default-arg","locations":[{"start":{"line":3,"column":51},"end":{"line":3,"column":55}}],"line":3},"1":{"loc":{"start":{"line":11,"column":13},"end":{"line":12,"column":null}},"type":"binary-expr","locations":[{"start":{"line":11,"column":13},"end":{"line":11,"column":null}},{"start":{"line":12,"column":16},"end":{"line":12,"column":null}}],"line":11}},"s":{"0":2},"f":{"0":2},"b":{"0":[2],"1":[2,2]},"meta":{"lastBranch":2,"lastFunction":1,"lastStatement":1,"seen":{"f:3:16:3:23":0,"b:3:51:3:55":0,"s:4:4:12:Infinity":0,"b:11:13:11:Infinity:12:16:12:Infinity":1}}}
,"/Users/florenceescanye/Documents/Kasa/frontend/src/components/Collapse.jsx": {"path":"/Users/florenceescanye/Documents/Kasa/frontend/src/components/Collapse.jsx","statementMap":{"0":{"start":{"line":6,"column":17},"end":{"line":6,"column":43}},"1":{"start":{"line":8,"column":4},"end":{"line":29,"column":null}},"2":{"start":{"line":14,"column":31},"end":{"line":14,"column":45}}},"fnMap":{"0":{"name":"Collapse","decl":{"start":{"line":5,"column":16},"end":{"line":5,"column":25}},"loc":{"start":{"line":5,"column":45},"end":{"line":29,"column":null}},"line":5},"1":{"name":"(anonymous_1)","decl":{"start":{"line":14,"column":16},"end":{"line":14,"column":31}},"loc":{"start":{"line":14,"column":31},"end":{"line":14,"column":45}},"line":14}},"branchMap":{"0":{"loc":{"start":{"line":20,"column":31},"end":{"line":20,"column":null}},"type":"cond-expr","locations":[{"start":{"line":20,"column":38},"end":{"line":20,"column":53}},{"start":{"line":20,"column":53},"end":{"line":20,"column":null}}],"line":20},"1":{"loc":{"start":{"line":25,"column":48},"end":{"line":25,"column":null}},"type":"cond-expr","locations":[{"start":{"line":25,"column":55},"end":{"line":25,"column":64}},{"start":{"line":25,"column":64},"end":{"line":25,"column":null}}],"line":25}},"s":{"0":7,"1":7,"2":2},"f":{"0":7,"1":2},"b":{"0":[2,5],"1":[2,5]},"meta":{"lastBranch":2,"lastFunction":2,"lastStatement":3,"seen":{"f:5:16:5:25":0,"s:6:17:6:43":0,"s:8:4:29:Infinity":1,"f:14:16:14:31":1,"s:14:31:14:45":2,"b:20:38:20:53:20:53:20:Infinity":0,"b:25:55:25:64:25:64:25:Infinity":1}}}
,"/Users/florenceescanye/Documents/Kasa/frontend/src/components/banner.css": {"path":"/Users/florenceescanye/Documents/Kasa/frontend/src/components/banner.css","statementMap":{},"fnMap":{},"branchMap":{},"s":{},"f":{},"b":{},"meta":{"lastBranch":0,"lastFunction":0,"lastStatement":0,"seen":{}}}
,"/Users/florenceescanye/Documents/Kasa/frontend/src/components/collapse.css": {"path":"/Users/florenceescanye/Documents/Kasa/frontend/src/components/collapse.css","statementMap":{},"fnMap":{},"branchMap":{},"s":{},"f":{},"b":{},"meta":{"lastBranch":0,"lastFunction":0,"lastStatement":0,"seen":{}}}
}
